La génération a démarré 11/11/2015 09:43:57.
     1>Projet "F:\COURS\L3\Image\Synthese\Projet_Mog_SI\Projet\Projet.vcxproj" sur le nœud 2 (Build cible(s)).
     1>ClCompile:
         C:\Program Files (x86)\Microsoft Visual Studio 14.0\VC\bin\x86_amd64\CL.exe /c /ZI /nologo /W3 /WX- /sdl /Od /D _DEBUG /D _CONSOLE /D _UNICODE /D UNICODE /Gm /EHsc /RTC1 /MDd /GS /fp:precise /Zc:wchar_t /Zc:forScope /Zc:inline /Fo"x64\Debug\\" /Fd"x64\Debug\vc140.pdb" /Gd /TP /errorReport:prompt cube.cpp
         cube.cpp
     1>f:\cours\l3\image\synthese\projet_mog_si\projet\cube.cpp(91): warning C4244: 'argument' : conversion de 'int' en 'GLfloat', perte possible de données
     1>f:\cours\l3\image\synthese\projet_mog_si\projet\cube.cpp(92): warning C4244: 'argument' : conversion de 'int' en 'GLfloat', perte possible de données
     1>f:\cours\l3\image\synthese\projet_mog_si\projet\cube.cpp(84): warning C4101: 'j' : variable locale non référencée
     1>f:\cours\l3\image\synthese\projet_mog_si\projet\cube.cpp(84): warning C4101: 'i' : variable locale non référencée
     1>f:\cours\l3\image\synthese\projet_mog_si\projet\cube.cpp(164): warning C4305: 'argument' : troncation de 'double' à 'GLfloat'
     1>f:\cours\l3\image\synthese\projet_mog_si\projet\cube.cpp(165): warning C4305: 'argument' : troncation de 'double' à 'GLfloat'
     1>f:\cours\l3\image\synthese\projet_mog_si\projet\cube.cpp(175): warning C4305: 'argument' : troncation de 'double' à 'GLfloat'
     1>f:\cours\l3\image\synthese\projet_mog_si\projet\cube.cpp(184): warning C4305: 'argument' : troncation de 'double' à 'GLfloat'
     1>f:\cours\l3\image\synthese\projet_mog_si\projet\cube.cpp(187): warning C4305: 'argument' : troncation de 'double' à 'GLfloat'
     1>f:\cours\l3\image\synthese\projet_mog_si\projet\cube.cpp(195): warning C4305: 'argument' : troncation de 'double' à 'GLfloat'
     1>f:\cours\l3\image\synthese\projet_mog_si\projet\cube.cpp(198): warning C4305: 'argument' : troncation de 'double' à 'GLfloat'
       Link:
         C:\Program Files (x86)\Microsoft Visual Studio 14.0\VC\bin\x86_amd64\link.exe /ERRORREPORT:PROMPT /OUT:"F:\COURS\L3\Image\Synthese\Projet_Mog_SI\Projet\x64\Debug\Projet.exe" /INCREMENTAL /NOLOGO kernel32.lib user32.lib gdi32.lib winspool.lib comdlg32.lib advapi32.lib shell32.lib ole32.lib oleaut32.lib uuid.lib odbc32.lib odbccp32.lib /MANIFEST /MANIFESTUAC:"level='asInvoker' uiAccess='false'" /manifest:embed /Debug /PDB:"F:\COURS\L3\Image\Synthese\Projet_Mog_SI\Projet\x64\Debug\Projet.pdb" /SUBSYSTEM:CONSOLE /TLBID:1 /DYNAMICBASE /NXCOMPAT /IMPLIB:"F:\COURS\L3\Image\Synthese\Projet_Mog_SI\Projet\x64\Debug\Projet.lib" /MACHINE:X64 x64\Debug\cube.obj
         Projet.vcxproj -> F:\COURS\L3\Image\Synthese\Projet_Mog_SI\Projet\x64\Debug\Projet.exe
     1>Génération du projet "F:\COURS\L3\Image\Synthese\Projet_Mog_SI\Projet\Projet.vcxproj" terminée (Build cible(s)).

La génération a réussi.

Temps écoulé 00:00:00.56
