La génération a démarré 11/11/2015 13:08:29.
     1>Projet "C:\Users\Yann\Documents\GitHub\Projet_Mog_SI\Projet\Projet.vcxproj" sur le nœud 2 (Build cible(s)).
     1>ClCompile:
         C:\Program Files (x86)\Microsoft Visual Studio 14.0\VC\bin\CL.exe /c /ZI /nologo /W3 /WX- /sdl /Od /Oy- /D WIN32 /D _DEBUG /D _CONSOLE /D _UNICODE /D UNICODE /Gm /EHsc /RTC1 /MDd /GS /fp:precise /Zc:wchar_t /Zc:forScope /Zc:inline /Fo"Debug\\" /Fd"Debug\vc140.pdb" /Gd /TP /analyze- /errorReport:prompt cube.cpp
         cube.cpp
     1>c:\users\yann\documents\github\projet_mog_si\projet\cube.cpp(99): warning C4244: 'argument' : conversion de 'int' en 'GLfloat', perte possible de données
     1>c:\users\yann\documents\github\projet_mog_si\projet\cube.cpp(100): warning C4244: 'argument' : conversion de 'int' en 'GLfloat', perte possible de données
     1>c:\users\yann\documents\github\projet_mog_si\projet\cube.cpp(92): warning C4101: 'j' : variable locale non référencée
     1>c:\users\yann\documents\github\projet_mog_si\projet\cube.cpp(92): warning C4101: 'i' : variable locale non référencée
     1>c:\users\yann\documents\github\projet_mog_si\projet\cube.cpp(162): warning C4305: 'argument' : troncation de 'double' à 'GLfloat'
     1>c:\users\yann\documents\github\projet_mog_si\projet\cube.cpp(183): warning C4305: 'argument' : troncation de 'double' à 'GLfloat'
     1>c:\users\yann\documents\github\projet_mog_si\projet\cube.cpp(185): warning C4305: 'argument' : troncation de 'double' à 'GLfloat'
     1>c:\users\yann\documents\github\projet_mog_si\projet\cube.cpp(195): warning C4305: 'argument' : troncation de 'double' à 'GLfloat'
     1>c:\users\yann\documents\github\projet_mog_si\projet\cube.cpp(204): warning C4305: 'argument' : troncation de 'double' à 'GLfloat'
     1>c:\users\yann\documents\github\projet_mog_si\projet\cube.cpp(207): warning C4305: 'argument' : troncation de 'double' à 'GLfloat'
     1>c:\users\yann\documents\github\projet_mog_si\projet\cube.cpp(215): warning C4305: 'argument' : troncation de 'double' à 'GLfloat'
     1>c:\users\yann\documents\github\projet_mog_si\projet\cube.cpp(218): warning C4305: 'argument' : troncation de 'double' à 'GLfloat'
     1>c:\users\yann\documents\github\projet_mog_si\projet\cube.cpp(225): warning C4305: 'argument' : troncation de 'double' à 'GLfloat'
     1>c:\users\yann\documents\github\projet_mog_si\projet\cube.cpp(228): warning C4305: 'argument' : troncation de 'double' à 'GLfloat'
     1>c:\users\yann\documents\github\projet_mog_si\projet\cube.cpp(235): warning C4305: 'argument' : troncation de 'double' à 'GLfloat'
     1>c:\users\yann\documents\github\projet_mog_si\projet\cube.cpp(238): warning C4305: 'argument' : troncation de 'double' à 'GLfloat'
     1>c:\users\yann\documents\github\projet_mog_si\projet\cube.cpp(245): warning C4305: 'argument' : troncation de 'double' à 'GLfloat'
     1>c:\users\yann\documents\github\projet_mog_si\projet\cube.cpp(247): warning C4305: 'argument' : troncation de 'double' à 'GLfloat'
     1>c:\users\yann\documents\github\projet_mog_si\projet\cube.cpp(264): warning C4244: 'argument' : conversion de 'double' en 'GLfloat', perte possible de données
     1>c:\users\yann\documents\github\projet_mog_si\projet\cube.cpp(265): warning C4244: 'argument' : conversion de 'double' en 'GLfloat', perte possible de données
     1>c:\users\yann\documents\github\projet_mog_si\projet\cube.cpp(267): warning C4244: 'argument' : conversion de 'double' en 'GLfloat', perte possible de données
     1>c:\users\yann\documents\github\projet_mog_si\projet\cube.cpp(268): warning C4244: 'argument' : conversion de 'double' en 'GLfloat', perte possible de données
     1>c:\users\yann\documents\github\projet_mog_si\projet\cube.cpp(270): warning C4244: 'argument' : conversion de 'double' en 'GLfloat', perte possible de données
     1>c:\users\yann\documents\github\projet_mog_si\projet\cube.cpp(271): warning C4244: 'argument' : conversion de 'double' en 'GLfloat', perte possible de données
     1>c:\users\yann\documents\github\projet_mog_si\projet\cube.cpp(273): warning C4244: 'argument' : conversion de 'double' en 'GLfloat', perte possible de données
     1>c:\users\yann\documents\github\projet_mog_si\projet\cube.cpp(274): warning C4244: 'argument' : conversion de 'double' en 'GLfloat', perte possible de données
     1>c:\users\yann\documents\github\projet_mog_si\projet\cube.cpp(292): warning C4244: 'argument' : conversion de 'double' en 'GLfloat', perte possible de données
     1>c:\users\yann\documents\github\projet_mog_si\projet\cube.cpp(298): warning C4244: 'argument' : conversion de 'double' en 'GLfloat', perte possible de données
     1>c:\users\yann\documents\github\projet_mog_si\projet\cube.cpp(301): warning C4244: 'argument' : conversion de 'double' en 'GLfloat', perte possible de données
     1>c:\users\yann\documents\github\projet_mog_si\projet\cube.cpp(309): warning C4244: 'argument' : conversion de 'double' en 'GLfloat', perte possible de données
     1>c:\users\yann\documents\github\projet_mog_si\projet\cube.cpp(310): warning C4244: 'argument' : conversion de 'double' en 'GLfloat', perte possible de données
     1>c:\users\yann\documents\github\projet_mog_si\projet\cube.cpp(312): warning C4244: 'argument' : conversion de 'double' en 'GLfloat', perte possible de données
     1>c:\users\yann\documents\github\projet_mog_si\projet\cube.cpp(313): warning C4244: 'argument' : conversion de 'double' en 'GLfloat', perte possible de données
     1>c:\users\yann\documents\github\projet_mog_si\projet\cube.cpp(315): warning C4244: 'argument' : conversion de 'double' en 'GLfloat', perte possible de données
     1>c:\users\yann\documents\github\projet_mog_si\projet\cube.cpp(316): warning C4244: 'argument' : conversion de 'double' en 'GLfloat', perte possible de données
     1>c:\users\yann\documents\github\projet_mog_si\projet\cube.cpp(318): warning C4244: 'argument' : conversion de 'double' en 'GLfloat', perte possible de données
     1>c:\users\yann\documents\github\projet_mog_si\projet\cube.cpp(319): warning C4244: 'argument' : conversion de 'double' en 'GLfloat', perte possible de données
       Link:
         C:\Program Files (x86)\Microsoft Visual Studio 14.0\VC\bin\link.exe /ERRORREPORT:PROMPT /OUT:"C:\Users\Yann\Documents\GitHub\Projet_Mog_SI\Projet\Debug\Projet.exe" /INCREMENTAL /NOLOGO kernel32.lib user32.lib gdi32.lib winspool.lib comdlg32.lib advapi32.lib shell32.lib ole32.lib oleaut32.lib uuid.lib odbc32.lib odbccp32.lib /MANIFEST /MANIFESTUAC:"level='asInvoker' uiAccess='false'" /manifest:embed /Debug /PDB:"C:\Users\Yann\Documents\GitHub\Projet_Mog_SI\Projet\Debug\Projet.pdb" /SUBSYSTEM:CONSOLE /TLBID:1 /DYNAMICBASE /NXCOMPAT /IMPLIB:"C:\Users\Yann\Documents\GitHub\Projet_Mog_SI\Projet\Debug\Projet.lib" /MACHINE:X86 Debug\cube.obj
         Projet.vcxproj -> C:\Users\Yann\Documents\GitHub\Projet_Mog_SI\Projet\Debug\Projet.exe
     1>Génération du projet "C:\Users\Yann\Documents\GitHub\Projet_Mog_SI\Projet\Projet.vcxproj" terminée (Build cible(s)).

La génération a réussi.

Temps écoulé 00:00:03.12
